{"/Users/maksudulhasantushar/work/personal/LMSC/backend/src/app.js": {"path":"/Users/maksudulhasantushar/work/personal/LMSC/backend/src/app.js","statementMap":{"0":{"start":{"line":1,"column":16},"end":{"line":1,"column":34}},"1":{"start":{"line":2,"column":13},"end":{"line":2,"column":28}},"2":{"start":{"line":3,"column":0},"end":{"line":3,"column":26}},"3":{"start":{"line":4,"column":20},"end":{"line":4,"column":45}},"4":{"start":{"line":5,"column":22},"end":{"line":5,"column":49}},"5":{"start":{"line":6,"column":22},"end":{"line":6,"column":49}},"6":{"start":{"line":7,"column":12},"end":{"line":7,"column":21}},"7":{"start":{"line":10,"column":23},"end":{"line":10,"column":73}},"8":{"start":{"line":11,"column":0},"end":{"line":11,"column":41}},"9":{"start":{"line":12,"column":0},"end":{"line":12,"column":23}},"10":{"start":{"line":15,"column":0},"end":{"line":17,"column":2}},"11":{"start":{"line":16,"column":1},"end":{"line":16,"column":49}},"12":{"start":{"line":19,"column":0},"end":{"line":19,"column":34}},"13":{"start":{"line":20,"column":0},"end":{"line":20,"column":38}},"14":{"start":{"line":21,"column":0},"end":{"line":21,"column":38}},"15":{"start":{"line":23,"column":0},"end":{"line":23,"column":20}}},"fnMap":{"0":{"name":"(anonymous_0)","decl":{"start":{"line":15,"column":19},"end":{"line":15,"column":20}},"loc":{"start":{"line":15,"column":33},"end":{"line":17,"column":1}},"line":15}},"branchMap":{"0":{"loc":{"start":{"line":10,"column":23},"end":{"line":10,"column":73}},"type":"binary-expr","locations":[{"start":{"line":10,"column":23},"end":{"line":10,"column":46}},{"start":{"line":10,"column":50},"end":{"line":10,"column":73}}],"line":10}},"s":{"0":1,"1":1,"2":1,"3":1,"4":1,"5":1,"6":1,"7":1,"8":1,"9":1,"10":1,"11":1,"12":1,"13":1,"14":1,"15":1},"f":{"0":1},"b":{"0":[1,0]},"_coverageSchema":"1a1c01bbd47fc00a2c39e90264f33305004495a9","hash":"4087aeb4496d4cbfd29a93af005e02f5e7ba864a"}
,"/Users/maksudulhasantushar/work/personal/LMSC/backend/src/controllers/lessonsController.js": {"path":"/Users/maksudulhasantushar/work/personal/LMSC/backend/src/controllers/lessonsController.js","statementMap":{"0":{"start":{"line":1,"column":23},"end":{"line":1,"column":60}},"1":{"start":{"line":3,"column":2},"end":{"line":8,"column":3}},"2":{"start":{"line":4,"column":20},"end":{"line":4,"column":56}},"3":{"start":{"line":5,"column":4},"end":{"line":5,"column":21}},"4":{"start":{"line":7,"column":4},"end":{"line":7,"column":59}},"5":{"start":{"line":11,"column":2},"end":{"line":17,"column":3}},"6":{"start":{"line":12,"column":17},"end":{"line":12,"column":27}},"7":{"start":{"line":13,"column":17},"end":{"line":13,"column":51}},"8":{"start":{"line":14,"column":4},"end":{"line":14,"column":18}},"9":{"start":{"line":16,"column":4},"end":{"line":16,"column":65}},"10":{"start":{"line":20,"column":2},"end":{"line":27,"column":3}},"11":{"start":{"line":21,"column":17},"end":{"line":21,"column":27}},"12":{"start":{"line":22,"column":25},"end":{"line":22,"column":34}},"13":{"start":{"line":23,"column":14},"end":{"line":23,"column":60}},"14":{"start":{"line":24,"column":4},"end":{"line":24,"column":15}},"15":{"start":{"line":26,"column":4},"end":{"line":26,"column":58}},"16":{"start":{"line":30,"column":2},"end":{"line":36,"column":3}},"17":{"start":{"line":31,"column":36},"end":{"line":31,"column":44}},"18":{"start":{"line":32,"column":15},"end":{"line":32,"column":69}},"19":{"start":{"line":33,"column":4},"end":{"line":33,"column":18}},"20":{"start":{"line":35,"column":4},"end":{"line":35,"column":57}},"21":{"start":{"line":39,"column":2},"end":{"line":46,"column":3}},"22":{"start":{"line":40,"column":45},"end":{"line":40,"column":53}},"23":{"start":{"line":41,"column":19},"end":{"line":41,"column":82}},"24":{"start":{"line":42,"column":4},"end":{"line":42,"column":20}},"25":{"start":{"line":44,"column":4},"end":{"line":44,"column":113}},"26":{"start":{"line":44,"column":65},"end":{"line":44,"column":113}},"27":{"start":{"line":45,"column":4},"end":{"line":45,"column":57}},"28":{"start":{"line":49,"column":2},"end":{"line":56,"column":3}},"29":{"start":{"line":50,"column":43},"end":{"line":50,"column":51}},"30":{"start":{"line":51,"column":19},"end":{"line":51,"column":80}},"31":{"start":{"line":52,"column":4},"end":{"line":52,"column":20}},"32":{"start":{"line":54,"column":4},"end":{"line":54,"column":113}},"33":{"start":{"line":54,"column":65},"end":{"line":54,"column":113}},"34":{"start":{"line":55,"column":4},"end":{"line":55,"column":57}},"35":{"start":{"line":59,"column":2},"end":{"line":65,"column":3}},"36":{"start":{"line":60,"column":17},"end":{"line":60,"column":27}},"37":{"start":{"line":61,"column":17},"end":{"line":61,"column":53}},"38":{"start":{"line":62,"column":4},"end":{"line":62,"column":18}},"39":{"start":{"line":64,"column":4},"end":{"line":64,"column":60}},"40":{"start":{"line":68,"column":2},"end":{"line":74,"column":3}},"41":{"start":{"line":69,"column":17},"end":{"line":69,"column":27}},"42":{"start":{"line":70,"column":17},"end":{"line":70,"column":56}},"43":{"start":{"line":71,"column":4},"end":{"line":71,"column":18}},"44":{"start":{"line":73,"column":4},"end":{"line":73,"column":63}},"45":{"start":{"line":77,"column":2},"end":{"line":83,"column":3}},"46":{"start":{"line":78,"column":34},"end":{"line":78,"column":42}},"47":{"start":{"line":79,"column":20},"end":{"line":79,"column":70}},"48":{"start":{"line":80,"column":4},"end":{"line":80,"column":23}},"49":{"start":{"line":82,"column":4},"end":{"line":82,"column":55}},"50":{"start":{"line":86,"column":2},"end":{"line":92,"column":3}},"51":{"start":{"line":87,"column":32},"end":{"line":87,"column":40}},"52":{"start":{"line":88,"column":20},"end":{"line":88,"column":68}},"53":{"start":{"line":89,"column":4},"end":{"line":89,"column":23}},"54":{"start":{"line":91,"column":4},"end":{"line":91,"column":55}},"55":{"start":{"line":94,"column":0},"end":{"line":94,"column":112}}},"fnMap":{"0":{"name":"list","decl":{"start":{"line":2,"column":15},"end":{"line":2,"column":19}},"loc":{"start":{"line":2,"column":28},"end":{"line":9,"column":1}},"line":2},"1":{"name":"detail","decl":{"start":{"line":10,"column":15},"end":{"line":10,"column":21}},"loc":{"start":{"line":10,"column":30},"end":{"line":18,"column":1}},"line":10},"2":{"name":"status","decl":{"start":{"line":19,"column":15},"end":{"line":19,"column":21}},"loc":{"start":{"line":19,"column":30},"end":{"line":28,"column":1}},"line":19},"3":{"name":"view","decl":{"start":{"line":29,"column":15},"end":{"line":29,"column":19}},"loc":{"start":{"line":29,"column":28},"end":{"line":37,"column":1}},"line":29},"4":{"name":"submitQuiz","decl":{"start":{"line":38,"column":15},"end":{"line":38,"column":25}},"loc":{"start":{"line":38,"column":34},"end":{"line":47,"column":1}},"line":38},"5":{"name":"submitTask","decl":{"start":{"line":48,"column":15},"end":{"line":48,"column":25}},"loc":{"start":{"line":48,"column":34},"end":{"line":57,"column":1}},"line":48},"6":{"name":"attempts","decl":{"start":{"line":58,"column":15},"end":{"line":58,"column":23}},"loc":{"start":{"line":58,"column":32},"end":{"line":66,"column":1}},"line":58},"7":{"name":"submissions","decl":{"start":{"line":67,"column":15},"end":{"line":67,"column":26}},"loc":{"start":{"line":67,"column":35},"end":{"line":75,"column":1}},"line":67},"8":{"name":"markTask","decl":{"start":{"line":76,"column":15},"end":{"line":76,"column":23}},"loc":{"start":{"line":76,"column":32},"end":{"line":84,"column":1}},"line":76},"9":{"name":"markQuiz","decl":{"start":{"line":85,"column":15},"end":{"line":85,"column":23}},"loc":{"start":{"line":85,"column":32},"end":{"line":93,"column":1}},"line":85}},"branchMap":{"0":{"loc":{"start":{"line":44,"column":4},"end":{"line":44,"column":113}},"type":"if","locations":[{"start":{"line":44,"column":4},"end":{"line":44,"column":113}},{"start":{},"end":{}}],"line":44},"1":{"loc":{"start":{"line":44,"column":7},"end":{"line":44,"column":63}},"type":"binary-expr","locations":[{"start":{"line":44,"column":7},"end":{"line":44,"column":18}},{"start":{"line":44,"column":22},"end":{"line":44,"column":63}}],"line":44},"2":{"loc":{"start":{"line":54,"column":4},"end":{"line":54,"column":113}},"type":"if","locations":[{"start":{"line":54,"column":4},"end":{"line":54,"column":113}},{"start":{},"end":{}}],"line":54},"3":{"loc":{"start":{"line":54,"column":7},"end":{"line":54,"column":63}},"type":"binary-expr","locations":[{"start":{"line":54,"column":7},"end":{"line":54,"column":18}},{"start":{"line":54,"column":22},"end":{"line":54,"column":63}}],"line":54}},"s":{"0":2,"1":4,"2":4,"3":2,"4":2,"5":3,"6":3,"7":3,"8":2,"9":1,"10":2,"11":2,"12":2,"13":2,"14":2,"15":0,"16":2,"17":2,"18":2,"19":2,"20":0,"21":5,"22":5,"23":5,"24":2,"25":3,"26":2,"27":1,"28":4,"29":4,"30":4,"31":2,"32":2,"33":2,"34":0,"35":2,"36":2,"37":2,"38":2,"39":0,"40":2,"41":2,"42":2,"43":2,"44":0,"45":2,"46":2,"47":2,"48":2,"49":0,"50":2,"51":2,"52":2,"53":2,"54":0,"55":2},"f":{"0":4,"1":3,"2":2,"3":2,"4":5,"5":4,"6":2,"7":2,"8":2,"9":2},"b":{"0":[2,1],"1":[3,3],"2":[2,0],"3":[2,2]},"_coverageSchema":"1a1c01bbd47fc00a2c39e90264f33305004495a9","hash":"068737e76c703e58fdfbcc69008a5b4fbb799a30"}
,"/Users/maksudulhasantushar/work/personal/LMSC/backend/src/controllers/teacherController.js": {"path":"/Users/maksudulhasantushar/work/personal/LMSC/backend/src/controllers/teacherController.js","statementMap":{"0":{"start":{"line":1,"column":23},"end":{"line":1,"column":60}},"1":{"start":{"line":3,"column":2},"end":{"line":9,"column":3}},"2":{"start":{"line":4,"column":17},"end":{"line":4,"column":27}},"3":{"start":{"line":5,"column":17},"end":{"line":5,"column":55}},"4":{"start":{"line":6,"column":4},"end":{"line":6,"column":18}},"5":{"start":{"line":8,"column":4},"end":{"line":8,"column":62}},"6":{"start":{"line":11,"column":0},"end":{"line":11,"column":29}}},"fnMap":{"0":{"name":"engagement","decl":{"start":{"line":2,"column":15},"end":{"line":2,"column":25}},"loc":{"start":{"line":2,"column":34},"end":{"line":10,"column":1}},"line":2}},"branchMap":{},"s":{"0":1,"1":0,"2":0,"3":0,"4":0,"5":0,"6":1},"f":{"0":0},"b":{},"_coverageSchema":"1a1c01bbd47fc00a2c39e90264f33305004495a9","hash":"84c0a81c3b2f793e4ce9886f05ec456f80fb530a"}
,"/Users/maksudulhasantushar/work/personal/LMSC/backend/src/controllers/usersController.js": {"path":"/Users/maksudulhasantushar/work/personal/LMSC/backend/src/controllers/usersController.js","statementMap":{"0":{"start":{"line":1,"column":21},"end":{"line":1,"column":56}},"1":{"start":{"line":3,"column":2},"end":{"line":8,"column":3}},"2":{"start":{"line":4,"column":17},"end":{"line":4,"column":49}},"3":{"start":{"line":5,"column":4},"end":{"line":5,"column":18}},"4":{"start":{"line":7,"column":4},"end":{"line":7,"column":58}},"5":{"start":{"line":10,"column":0},"end":{"line":10,"column":23}}},"fnMap":{"0":{"name":"list","decl":{"start":{"line":2,"column":15},"end":{"line":2,"column":19}},"loc":{"start":{"line":2,"column":29},"end":{"line":9,"column":1}},"line":2}},"branchMap":{},"s":{"0":1,"1":0,"2":0,"3":0,"4":0,"5":1},"f":{"0":0},"b":{},"_coverageSchema":"1a1c01bbd47fc00a2c39e90264f33305004495a9","hash":"022064128ca0868cebf5546045d581bfccf12aed"}
,"/Users/maksudulhasantushar/work/personal/LMSC/backend/src/domain/mappers.js": {"path":"/Users/maksudulhasantushar/work/personal/LMSC/backend/src/domain/mappers.js","statementMap":{"0":{"start":{"line":7,"column":2},"end":{"line":17,"column":3}},"1":{"start":{"line":21,"column":2},"end":{"line":35,"column":3}},"2":{"start":{"line":23,"column":35},"end":{"line":30,"column":5}},"3":{"start":{"line":31,"column":27},"end":{"line":34,"column":5}},"4":{"start":{"line":39,"column":2},"end":{"line":57,"column":3}},"5":{"start":{"line":46,"column":42},"end":{"line":56,"column":5}},"6":{"start":{"line":61,"column":2},"end":{"line":69,"column":3}},"7":{"start":{"line":73,"column":2},"end":{"line":77,"column":3}},"8":{"start":{"line":81,"column":2},"end":{"line":85,"column":3}},"9":{"start":{"line":88,"column":0},"end":{"line":95,"column":1}}},"fnMap":{"0":{"name":"mapLesson","decl":{"start":{"line":6,"column":9},"end":{"line":6,"column":18}},"loc":{"start":{"line":6,"column":27},"end":{"line":18,"column":1}},"line":6},"1":{"name":"mapLessonDetail","decl":{"start":{"line":20,"column":9},"end":{"line":20,"column":24}},"loc":{"start":{"line":20,"column":51},"end":{"line":36,"column":1}},"line":20},"2":{"name":"(anonymous_2)","decl":{"start":{"line":23,"column":29},"end":{"line":23,"column":30}},"loc":{"start":{"line":23,"column":35},"end":{"line":30,"column":5}},"line":23},"3":{"name":"(anonymous_3)","decl":{"start":{"line":31,"column":21},"end":{"line":31,"column":22}},"loc":{"start":{"line":31,"column":27},"end":{"line":34,"column":5}},"line":31},"4":{"name":"mapQuizAttempt","decl":{"start":{"line":38,"column":9},"end":{"line":38,"column":23}},"loc":{"start":{"line":38,"column":33},"end":{"line":58,"column":1}},"line":38},"5":{"name":"(anonymous_5)","decl":{"start":{"line":46,"column":34},"end":{"line":46,"column":35}},"loc":{"start":{"line":46,"column":42},"end":{"line":56,"column":5}},"line":46},"6":{"name":"mapTaskSubmission","decl":{"start":{"line":60,"column":9},"end":{"line":60,"column":26}},"loc":{"start":{"line":60,"column":39},"end":{"line":70,"column":1}},"line":60},"7":{"name":"mapStudent","decl":{"start":{"line":72,"column":9},"end":{"line":72,"column":19}},"loc":{"start":{"line":72,"column":29},"end":{"line":78,"column":1}},"line":72},"8":{"name":"mapTeacher","decl":{"start":{"line":80,"column":9},"end":{"line":80,"column":19}},"loc":{"start":{"line":80,"column":29},"end":{"line":86,"column":1}},"line":80}},"branchMap":{"0":{"loc":{"start":{"line":13,"column":18},"end":{"line":13,"column":46}},"type":"binary-expr","locations":[{"start":{"line":13,"column":18},"end":{"line":13,"column":38}},{"start":{"line":13,"column":42},"end":{"line":13,"column":46}}],"line":13},"1":{"loc":{"start":{"line":15,"column":18},"end":{"line":15,"column":50}},"type":"binary-expr","locations":[{"start":{"line":15,"column":18},"end":{"line":15,"column":45}},{"start":{"line":15,"column":49},"end":{"line":15,"column":50}}],"line":15},"2":{"loc":{"start":{"line":16,"column":16},"end":{"line":16,"column":49}},"type":"binary-expr","locations":[{"start":{"line":16,"column":16},"end":{"line":16,"column":44}},{"start":{"line":16,"column":48},"end":{"line":16,"column":49}}],"line":16},"3":{"loc":{"start":{"line":43,"column":18},"end":{"line":43,"column":47}},"type":"binary-expr","locations":[{"start":{"line":43,"column":18},"end":{"line":43,"column":39}},{"start":{"line":43,"column":43},"end":{"line":43,"column":47}}],"line":43},"4":{"loc":{"start":{"line":46,"column":13},"end":{"line":56,"column":13}},"type":"binary-expr","locations":[{"start":{"line":46,"column":13},"end":{"line":56,"column":7}},{"start":{"line":56,"column":11},"end":{"line":56,"column":13}}],"line":46},"5":{"loc":{"start":{"line":65,"column":18},"end":{"line":65,"column":50}},"type":"binary-expr","locations":[{"start":{"line":65,"column":18},"end":{"line":65,"column":42}},{"start":{"line":65,"column":46},"end":{"line":65,"column":50}}],"line":65}},"s":{"0":0,"1":0,"2":0,"3":0,"4":0,"5":0,"6":0,"7":0,"8":0,"9":0},"f":{"0":0,"1":0,"2":0,"3":0,"4":0,"5":0,"6":0,"7":0,"8":0},"b":{"0":[0,0],"1":[0,0],"2":[0,0],"3":[0,0],"4":[0,0],"5":[0,0]}}
,"/Users/maksudulhasantushar/work/personal/LMSC/backend/src/domain/validators.js": {"path":"/Users/maksudulhasantushar/work/personal/LMSC/backend/src/domain/validators.js","statementMap":{"0":{"start":{"line":8,"column":4},"end":{"line":8,"column":18}},"1":{"start":{"line":9,"column":4},"end":{"line":9,"column":33}},"2":{"start":{"line":10,"column":4},"end":{"line":10,"column":34}},"3":{"start":{"line":15,"column":17},"end":{"line":15,"column":19}},"4":{"start":{"line":17,"column":2},"end":{"line":19,"column":3}},"5":{"start":{"line":18,"column":4},"end":{"line":18,"column":69}},"6":{"start":{"line":21,"column":2},"end":{"line":23,"column":3}},"7":{"start":{"line":22,"column":4},"end":{"line":22,"column":57}},"8":{"start":{"line":25,"column":2},"end":{"line":27,"column":3}},"9":{"start":{"line":26,"column":4},"end":{"line":26,"column":70}},"10":{"start":{"line":29,"column":2},"end":{"line":31,"column":3}},"11":{"start":{"line":30,"column":4},"end":{"line":30,"column":54}},"12":{"start":{"line":33,"column":2},"end":{"line":35,"column":3}},"13":{"start":{"line":34,"column":4},"end":{"line":34,"column":63}},"14":{"start":{"line":37,"column":2},"end":{"line":39,"column":3}},"15":{"start":{"line":38,"column":4},"end":{"line":38,"column":65}},"16":{"start":{"line":43,"column":2},"end":{"line":45,"column":3}},"17":{"start":{"line":44,"column":4},"end":{"line":44,"column":58}},"18":{"start":{"line":48,"column":22},"end":{"line":48,"column":54}},"19":{"start":{"line":49,"column":21},"end":{"line":49,"column":72}},"20":{"start":{"line":49,"column":46},"end":{"line":49,"column":71}},"21":{"start":{"line":51,"column":2},"end":{"line":53,"column":3}},"22":{"start":{"line":52,"column":4},"end":{"line":52,"column":79}},"23":{"start":{"line":57,"column":2},"end":{"line":59,"column":3}},"24":{"start":{"line":58,"column":4},"end":{"line":58,"column":68}},"25":{"start":{"line":61,"column":2},"end":{"line":63,"column":3}},"26":{"start":{"line":62,"column":4},"end":{"line":62,"column":89}},"27":{"start":{"line":67,"column":2},"end":{"line":69,"column":3}},"28":{"start":{"line":68,"column":4},"end":{"line":68,"column":108}},"29":{"start":{"line":73,"column":2},"end":{"line":75,"column":3}},"30":{"start":{"line":74,"column":4},"end":{"line":74,"column":105}},"31":{"start":{"line":79,"column":2},"end":{"line":81,"column":3}},"32":{"start":{"line":80,"column":4},"end":{"line":80,"column":88}},"33":{"start":{"line":85,"column":2},"end":{"line":90,"column":3}},"34":{"start":{"line":86,"column":4},"end":{"line":86,"column":22}},"35":{"start":{"line":87,"column":4},"end":{"line":87,"column":15}},"36":{"start":{"line":89,"column":4},"end":{"line":89,"column":16}},"37":{"start":{"line":93,"column":0},"end":{"line":101,"column":1}}},"fnMap":{"0":{"name":"(anonymous_0)","decl":{"start":{"line":7,"column":2},"end":{"line":7,"column":3}},"loc":{"start":{"line":7,"column":41},"end":{"line":11,"column":3}},"line":7},"1":{"name":"validateLessonInput","decl":{"start":{"line":14,"column":9},"end":{"line":14,"column":28}},"loc":{"start":{"line":14,"column":37},"end":{"line":40,"column":1}},"line":14},"2":{"name":"validateQuizAnswer","decl":{"start":{"line":42,"column":9},"end":{"line":42,"column":27}},"loc":{"start":{"line":42,"column":50},"end":{"line":54,"column":1}},"line":42},"3":{"name":"(anonymous_3)","decl":{"start":{"line":49,"column":40},"end":{"line":49,"column":41}},"loc":{"start":{"line":49,"column":46},"end":{"line":49,"column":71}},"line":49},"4":{"name":"validateTaskSubmission","decl":{"start":{"line":56,"column":9},"end":{"line":56,"column":31}},"loc":{"start":{"line":56,"column":41},"end":{"line":64,"column":1}},"line":56},"5":{"name":"validateStudentId","decl":{"start":{"line":66,"column":9},"end":{"line":66,"column":26}},"loc":{"start":{"line":66,"column":38},"end":{"line":70,"column":1}},"line":66},"6":{"name":"validateLessonId","decl":{"start":{"line":72,"column":9},"end":{"line":72,"column":25}},"loc":{"start":{"line":72,"column":36},"end":{"line":76,"column":1}},"line":72},"7":{"name":"validateQuizMark","decl":{"start":{"line":78,"column":9},"end":{"line":78,"column":25}},"loc":{"start":{"line":78,"column":49},"end":{"line":82,"column":1}},"line":78},"8":{"name":"isValidUrl","decl":{"start":{"line":84,"column":9},"end":{"line":84,"column":19}},"loc":{"start":{"line":84,"column":31},"end":{"line":91,"column":1}},"line":84}},"branchMap":{"0":{"loc":{"start":{"line":7,"column":23},"end":{"line":7,"column":39}},"type":"default-arg","locations":[{"start":{"line":7,"column":37},"end":{"line":7,"column":39}}],"line":7},"1":{"loc":{"start":{"line":17,"column":2},"end":{"line":19,"column":3}},"type":"if","locations":[{"start":{"line":17,"column":2},"end":{"line":19,"column":3}},{"start":{},"end":{}}],"line":17},"2":{"loc":{"start":{"line":17,"column":6},"end":{"line":17,"column":91}},"type":"binary-expr","locations":[{"start":{"line":17,"column":6},"end":{"line":17,"column":19}},{"start":{"line":17,"column":23},"end":{"line":17,"column":55}},{"start":{"line":17,"column":59},"end":{"line":17,"column":91}}],"line":17},"3":{"loc":{"start":{"line":21,"column":2},"end":{"line":23,"column":3}},"type":"if","locations":[{"start":{"line":21,"column":2},"end":{"line":23,"column":3}},{"start":{},"end":{}}],"line":21},"4":{"loc":{"start":{"line":21,"column":6},"end":{"line":21,"column":47}},"type":"binary-expr","locations":[{"start":{"line":21,"column":6},"end":{"line":21,"column":18}},{"start":{"line":21,"column":22},"end":{"line":21,"column":47}}],"line":21},"5":{"loc":{"start":{"line":25,"column":2},"end":{"line":27,"column":3}},"type":"if","locations":[{"start":{"line":25,"column":2},"end":{"line":27,"column":3}},{"start":{},"end":{}}],"line":25},"6":{"loc":{"start":{"line":25,"column":6},"end":{"line":25,"column":60}},"type":"binary-expr","locations":[{"start":{"line":25,"column":6},"end":{"line":25,"column":24}},{"start":{"line":25,"column":28},"end":{"line":25,"column":60}}],"line":25},"7":{"loc":{"start":{"line":29,"column":2},"end":{"line":31,"column":3}},"type":"if","locations":[{"start":{"line":29,"column":2},"end":{"line":31,"column":3}},{"start":{},"end":{}}],"line":29},"8":{"loc":{"start":{"line":29,"column":6},"end":{"line":29,"column":55}},"type":"binary-expr","locations":[{"start":{"line":29,"column":6},"end":{"line":29,"column":22}},{"start":{"line":29,"column":26},"end":{"line":29,"column":55}}],"line":29},"9":{"loc":{"start":{"line":33,"column":2},"end":{"line":35,"column":3}},"type":"if","locations":[{"start":{"line":33,"column":2},"end":{"line":35,"column":3}},{"start":{},"end":{}}],"line":33},"10":{"loc":{"start":{"line":33,"column":6},"end":{"line":33,"column":104}},"type":"binary-expr","locations":[{"start":{"line":33,"column":6},"end":{"line":33,"column":37}},{"start":{"line":33,"column":42},"end":{"line":33,"column":78}},{"start":{"line":33,"column":82},"end":{"line":33,"column":103}}],"line":33},"11":{"loc":{"start":{"line":37,"column":2},"end":{"line":39,"column":3}},"type":"if","locations":[{"start":{"line":37,"column":2},"end":{"line":39,"column":3}},{"start":{},"end":{}}],"line":37},"12":{"loc":{"start":{"line":43,"column":2},"end":{"line":45,"column":3}},"type":"if","locations":[{"start":{"line":43,"column":2},"end":{"line":45,"column":3}},{"start":{},"end":{}}],"line":43},"13":{"loc":{"start":{"line":43,"column":6},"end":{"line":43,"column":45}},"type":"binary-expr","locations":[{"start":{"line":43,"column":6},"end":{"line":43,"column":14}},{"start":{"line":43,"column":18},"end":{"line":43,"column":45}}],"line":43},"14":{"loc":{"start":{"line":51,"column":2},"end":{"line":53,"column":3}},"type":"if","locations":[{"start":{"line":51,"column":2},"end":{"line":53,"column":3}},{"start":{},"end":{}}],"line":51},"15":{"loc":{"start":{"line":57,"column":2},"end":{"line":59,"column":3}},"type":"if","locations":[{"start":{"line":57,"column":2},"end":{"line":59,"column":3}},{"start":{},"end":{}}],"line":57},"16":{"loc":{"start":{"line":57,"column":6},"end":{"line":57,"column":76}},"type":"binary-expr","locations":[{"start":{"line":57,"column":6},"end":{"line":57,"column":14}},{"start":{"line":57,"column":18},"end":{"line":57,"column":45}},{"start":{"line":57,"column":49},"end":{"line":57,"column":76}}],"line":57},"17":{"loc":{"start":{"line":61,"column":2},"end":{"line":63,"column":3}},"type":"if","locations":[{"start":{"line":61,"column":2},"end":{"line":63,"column":3}},{"start":{},"end":{}}],"line":61},"18":{"loc":{"start":{"line":67,"column":2},"end":{"line":69,"column":3}},"type":"if","locations":[{"start":{"line":67,"column":2},"end":{"line":69,"column":3}},{"start":{},"end":{}}],"line":67},"19":{"loc":{"start":{"line":67,"column":6},"end":{"line":67,"column":51}},"type":"binary-expr","locations":[{"start":{"line":67,"column":6},"end":{"line":67,"column":34}},{"start":{"line":67,"column":38},"end":{"line":67,"column":51}}],"line":67},"20":{"loc":{"start":{"line":73,"column":2},"end":{"line":75,"column":3}},"type":"if","locations":[{"start":{"line":73,"column":2},"end":{"line":75,"column":3}},{"start":{},"end":{}}],"line":73},"21":{"loc":{"start":{"line":73,"column":6},"end":{"line":73,"column":49}},"type":"binary-expr","locations":[{"start":{"line":73,"column":6},"end":{"line":73,"column":33}},{"start":{"line":73,"column":37},"end":{"line":73,"column":49}}],"line":73},"22":{"loc":{"start":{"line":79,"column":2},"end":{"line":81,"column":3}},"type":"if","locations":[{"start":{"line":79,"column":2},"end":{"line":81,"column":3}},{"start":{},"end":{}}],"line":79},"23":{"loc":{"start":{"line":79,"column":6},"end":{"line":79,"column":69}},"type":"binary-expr","locations":[{"start":{"line":79,"column":6},"end":{"line":79,"column":30}},{"start":{"line":79,"column":34},"end":{"line":79,"column":43}},{"start":{"line":79,"column":47},"end":{"line":79,"column":69}}],"line":79}},"s":{"0":17,"1":17,"2":17,"3":6,"4":6,"5":2,"6":6,"7":1,"8":6,"9":0,"10":6,"11":1,"12":6,"13":1,"14":6,"15":5,"16":3,"17":1,"18":2,"19":2,"20":4,"21":2,"22":1,"23":4,"24":2,"25":2,"26":1,"27":4,"28":3,"29":2,"30":1,"31":4,"32":3,"33":2,"34":2,"35":1,"36":1,"37":2},"f":{"0":17,"1":6,"2":3,"3":4,"4":4,"5":4,"6":2,"7":4,"8":2},"b":{"0":[8],"1":[2,4],"2":[6,5,5],"3":[1,5],"4":[6,5],"5":[0,6],"6":[6,3],"7":[1,5],"8":[6,2],"9":[1,5],"10":[6,2,2],"11":[5,1],"12":[1,2],"13":[3,3],"14":[1,1],"15":[2,2],"16":[4,3,2],"17":[1,1],"18":[3,1],"19":[4,3],"20":[1,1],"21":[2,2],"22":[3,1],"23":[4,3,2]},"_coverageSchema":"1a1c01bbd47fc00a2c39e90264f33305004495a9","hash":"d78310a81651a19618182ff29972e71f01bc28df"}
,"/Users/maksudulhasantushar/work/personal/LMSC/backend/src/middleware/auth.js": {"path":"/Users/maksudulhasantushar/work/personal/LMSC/backend/src/middleware/auth.js","statementMap":{"0":{"start":{"line":5,"column":12},"end":{"line":5,"column":35}},"1":{"start":{"line":7,"column":19},"end":{"line":7,"column":82}},"2":{"start":{"line":8,"column":21},"end":{"line":8,"column":25}},"3":{"start":{"line":17,"column":2},"end":{"line":19,"column":3}},"4":{"start":{"line":18,"column":4},"end":{"line":18,"column":51}},"5":{"start":{"line":21,"column":2},"end":{"line":23,"column":3}},"6":{"start":{"line":22,"column":4},"end":{"line":22,"column":71}},"7":{"start":{"line":25,"column":2},"end":{"line":29,"column":3}},"8":{"start":{"line":38,"column":2},"end":{"line":42,"column":3}},"9":{"start":{"line":39,"column":4},"end":{"line":39,"column":40}},"10":{"start":{"line":41,"column":4},"end":{"line":41,"column":54}},"11":{"start":{"line":50,"column":2},"end":{"line":64,"column":3}},"12":{"start":{"line":51,"column":23},"end":{"line":51,"column":48}},"13":{"start":{"line":52,"column":4},"end":{"line":54,"column":5}},"14":{"start":{"line":53,"column":6},"end":{"line":53,"column":87}},"15":{"start":{"line":56,"column":18},"end":{"line":56,"column":37}},"16":{"start":{"line":57,"column":20},"end":{"line":57,"column":38}},"17":{"start":{"line":60,"column":4},"end":{"line":60,"column":22}},"18":{"start":{"line":61,"column":4},"end":{"line":61,"column":10}},"19":{"start":{"line":63,"column":4},"end":{"line":63,"column":50}},"20":{"start":{"line":73,"column":2},"end":{"line":85,"column":3}},"21":{"start":{"line":74,"column":4},"end":{"line":76,"column":5}},"22":{"start":{"line":75,"column":6},"end":{"line":75,"column":65}},"23":{"start":{"line":78,"column":4},"end":{"line":82,"column":5}},"24":{"start":{"line":79,"column":6},"end":{"line":81,"column":8}},"25":{"start":{"line":84,"column":4},"end":{"line":84,"column":10}},"26":{"start":{"line":94,"column":19},"end":{"line":94,"column":22}},"27":{"start":{"line":95,"column":37},"end":{"line":95,"column":64}},"28":{"start":{"line":97,"column":2},"end":{"line":99,"column":3}},"29":{"start":{"line":98,"column":4},"end":{"line":98,"column":81}},"30":{"start":{"line":101,"column":2},"end":{"line":103,"column":3}},"31":{"start":{"line":102,"column":4},"end":{"line":102,"column":81}},"32":{"start":{"line":105,"column":2},"end":{"line":105,"column":8}},"33":{"start":{"line":108,"column":0},"end":{"line":114,"column":1}}},"fnMap":{"0":{"name":"generateToken","decl":{"start":{"line":16,"column":9},"end":{"line":16,"column":22}},"loc":{"start":{"line":16,"column":37},"end":{"line":30,"column":1}},"line":16},"1":{"name":"verifyToken","decl":{"start":{"line":37,"column":9},"end":{"line":37,"column":20}},"loc":{"start":{"line":37,"column":28},"end":{"line":43,"column":1}},"line":37},"2":{"name":"authMiddleware","decl":{"start":{"line":49,"column":9},"end":{"line":49,"column":23}},"loc":{"start":{"line":49,"column":40},"end":{"line":65,"column":1}},"line":49},"3":{"name":"roleMiddleware","decl":{"start":{"line":72,"column":9},"end":{"line":72,"column":23}},"loc":{"start":{"line":72,"column":41},"end":{"line":86,"column":1}},"line":72},"4":{"name":"(anonymous_4)","decl":{"start":{"line":73,"column":9},"end":{"line":73,"column":10}},"loc":{"start":{"line":73,"column":29},"end":{"line":85,"column":3}},"line":73},"5":{"name":"ownershipMiddleware","decl":{"start":{"line":93,"column":9},"end":{"line":93,"column":28}},"loc":{"start":{"line":93,"column":45},"end":{"line":106,"column":1}},"line":93}},"branchMap":{"0":{"loc":{"start":{"line":7,"column":19},"end":{"line":7,"column":82}},"type":"binary-expr","locations":[{"start":{"line":7,"column":19},"end":{"line":7,"column":41}},{"start":{"line":7,"column":45},"end":{"line":7,"column":82}}],"line":7},"1":{"loc":{"start":{"line":17,"column":2},"end":{"line":19,"column":3}},"type":"if","locations":[{"start":{"line":17,"column":2},"end":{"line":19,"column":3}},{"start":{},"end":{}}],"line":17},"2":{"loc":{"start":{"line":17,"column":6},"end":{"line":17,"column":22}},"type":"binary-expr","locations":[{"start":{"line":17,"column":6},"end":{"line":17,"column":13}},{"start":{"line":17,"column":17},"end":{"line":17,"column":22}}],"line":17},"3":{"loc":{"start":{"line":21,"column":2},"end":{"line":23,"column":3}},"type":"if","locations":[{"start":{"line":21,"column":2},"end":{"line":23,"column":3}},{"start":{},"end":{}}],"line":21},"4":{"loc":{"start":{"line":52,"column":4},"end":{"line":54,"column":5}},"type":"if","locations":[{"start":{"line":52,"column":4},"end":{"line":54,"column":5}},{"start":{},"end":{}}],"line":52},"5":{"loc":{"start":{"line":52,"column":8},"end":{"line":52,"column":56}},"type":"binary-expr","locations":[{"start":{"line":52,"column":8},"end":{"line":52,"column":19}},{"start":{"line":52,"column":23},"end":{"line":52,"column":56}}],"line":52},"6":{"loc":{"start":{"line":74,"column":4},"end":{"line":76,"column":5}},"type":"if","locations":[{"start":{"line":74,"column":4},"end":{"line":76,"column":5}},{"start":{},"end":{}}],"line":74},"7":{"loc":{"start":{"line":78,"column":4},"end":{"line":82,"column":5}},"type":"if","locations":[{"start":{"line":78,"column":4},"end":{"line":82,"column":5}},{"start":{},"end":{}}],"line":78},"8":{"loc":{"start":{"line":95,"column":37},"end":{"line":95,"column":64}},"type":"binary-expr","locations":[{"start":{"line":95,"column":37},"end":{"line":95,"column":45}},{"start":{"line":95,"column":49},"end":{"line":95,"column":58}},{"start":{"line":95,"column":62},"end":{"line":95,"column":64}}],"line":95},"9":{"loc":{"start":{"line":97,"column":2},"end":{"line":99,"column":3}},"type":"if","locations":[{"start":{"line":97,"column":2},"end":{"line":99,"column":3}},{"start":{},"end":{}}],"line":97},"10":{"loc":{"start":{"line":97,"column":6},"end":{"line":97,"column":83}},"type":"binary-expr","locations":[{"start":{"line":97,"column":6},"end":{"line":97,"column":29}},{"start":{"line":97,"column":33},"end":{"line":97,"column":43}},{"start":{"line":97,"column":47},"end":{"line":97,"column":83}}],"line":97},"11":{"loc":{"start":{"line":101,"column":2},"end":{"line":103,"column":3}},"type":"if","locations":[{"start":{"line":101,"column":2},"end":{"line":103,"column":3}},{"start":{},"end":{}}],"line":101},"12":{"loc":{"start":{"line":101,"column":6},"end":{"line":101,"column":83}},"type":"binary-expr","locations":[{"start":{"line":101,"column":6},"end":{"line":101,"column":29}},{"start":{"line":101,"column":33},"end":{"line":101,"column":43}},{"start":{"line":101,"column":47},"end":{"line":101,"column":83}}],"line":101}},"s":{"0":0,"1":0,"2":0,"3":0,"4":0,"5":0,"6":0,"7":0,"8":0,"9":0,"10":0,"11":0,"12":0,"13":0,"14":0,"15":0,"16":0,"17":0,"18":0,"19":0,"20":0,"21":0,"22":0,"23":0,"24":0,"25":0,"26":0,"27":0,"28":0,"29":0,"30":0,"31":0,"32":0,"33":0},"f":{"0":0,"1":0,"2":0,"3":0,"4":0,"5":0},"b":{"0":[0,0],"1":[0,0],"2":[0,0],"3":[0,0],"4":[0,0],"5":[0,0],"6":[0,0],"7":[0,0],"8":[0,0,0],"9":[0,0],"10":[0,0,0],"11":[0,0],"12":[0,0,0]}}
,"/Users/maksudulhasantushar/work/personal/LMSC/backend/src/routes/lessons.js": {"path":"/Users/maksudulhasantushar/work/personal/LMSC/backend/src/routes/lessons.js","statementMap":{"0":{"start":{"line":1,"column":16},"end":{"line":1,"column":34}},"1":{"start":{"line":2,"column":26},"end":{"line":2,"column":69}},"2":{"start":{"line":3,"column":15},"end":{"line":3,"column":31}},"3":{"start":{"line":4,"column":0},"end":{"line":4,"column":39}},"4":{"start":{"line":5,"column":0},"end":{"line":5,"column":44}},"5":{"start":{"line":6,"column":0},"end":{"line":6,"column":51}},"6":{"start":{"line":7,"column":0},"end":{"line":7,"column":44}},"7":{"start":{"line":8,"column":0},"end":{"line":8,"column":57}},"8":{"start":{"line":9,"column":0},"end":{"line":9,"column":57}},"9":{"start":{"line":10,"column":0},"end":{"line":10,"column":55}},"10":{"start":{"line":11,"column":0},"end":{"line":11,"column":61}},"11":{"start":{"line":12,"column":0},"end":{"line":12,"column":53}},"12":{"start":{"line":13,"column":0},"end":{"line":13,"column":53}},"13":{"start":{"line":14,"column":0},"end":{"line":14,"column":23}}},"fnMap":{},"branchMap":{},"s":{"0":1,"1":1,"2":1,"3":1,"4":1,"5":1,"6":1,"7":1,"8":1,"9":1,"10":1,"11":1,"12":1,"13":1},"f":{},"b":{},"_coverageSchema":"1a1c01bbd47fc00a2c39e90264f33305004495a9","hash":"d85896a01a007e3305338c2711a41c572c3a0680"}
,"/Users/maksudulhasantushar/work/personal/LMSC/backend/src/routes/teacher.js": {"path":"/Users/maksudulhasantushar/work/personal/LMSC/backend/src/routes/teacher.js","statementMap":{"0":{"start":{"line":1,"column":16},"end":{"line":1,"column":34}},"1":{"start":{"line":2,"column":26},"end":{"line":2,"column":69}},"2":{"start":{"line":3,"column":15},"end":{"line":3,"column":31}},"3":{"start":{"line":4,"column":0},"end":{"line":4,"column":67}},"4":{"start":{"line":5,"column":0},"end":{"line":5,"column":23}}},"fnMap":{},"branchMap":{},"s":{"0":1,"1":1,"2":1,"3":1,"4":1},"f":{},"b":{},"_coverageSchema":"1a1c01bbd47fc00a2c39e90264f33305004495a9","hash":"63d75355113e5e4aeaaeac9e837138032d432bcf"}
,"/Users/maksudulhasantushar/work/personal/LMSC/backend/src/routes/users.js": {"path":"/Users/maksudulhasantushar/work/personal/LMSC/backend/src/routes/users.js","statementMap":{"0":{"start":{"line":1,"column":16},"end":{"line":1,"column":34}},"1":{"start":{"line":2,"column":24},"end":{"line":2,"column":65}},"2":{"start":{"line":3,"column":15},"end":{"line":3,"column":31}},"3":{"start":{"line":4,"column":0},"end":{"line":4,"column":37}},"4":{"start":{"line":5,"column":0},"end":{"line":5,"column":23}}},"fnMap":{},"branchMap":{},"s":{"0":1,"1":1,"2":1,"3":1,"4":1},"f":{},"b":{},"_coverageSchema":"1a1c01bbd47fc00a2c39e90264f33305004495a9","hash":"dd04ff133575a0ef1e6a09b4b140c46bca2c2720"}
,"/Users/maksudulhasantushar/work/personal/LMSC/backend/src/services/lessonsService.js": {"path":"/Users/maksudulhasantushar/work/personal/LMSC/backend/src/services/lessonsService.js","statementMap":{"0":{"start":{"line":1,"column":11},"end":{"line":1,"column":30}},"1":{"start":{"line":4,"column":18},"end":{"line":6,"column":4}},"2":{"start":{"line":7,"column":2},"end":{"line":17,"column":5}},"3":{"start":{"line":7,"column":27},"end":{"line":17,"column":3}},"4":{"start":{"line":21,"column":14},"end":{"line":21,"column":26}},"5":{"start":{"line":22,"column":17},"end":{"line":22,"column":95}},"6":{"start":{"line":23,"column":20},"end":{"line":23,"column":81}},"7":{"start":{"line":24,"column":16},"end":{"line":24,"column":75}},"8":{"start":{"line":25,"column":2},"end":{"line":25,"column":35}},"9":{"start":{"line":29,"column":14},"end":{"line":29,"column":32}},"10":{"start":{"line":30,"column":14},"end":{"line":30,"column":33}},"11":{"start":{"line":31,"column":15},"end":{"line":31,"column":93}},"12":{"start":{"line":32,"column":15},"end":{"line":32,"column":106}},"13":{"start":{"line":33,"column":2},"end":{"line":33,"column":51}},"14":{"start":{"line":37,"column":14},"end":{"line":37,"column":141}},"15":{"start":{"line":38,"column":2},"end":{"line":38,"column":15}},"16":{"start":{"line":42,"column":14},"end":{"line":42,"column":32}},"17":{"start":{"line":43,"column":14},"end":{"line":43,"column":33}},"18":{"start":{"line":44,"column":19},"end":{"line":44,"column":97}},"19":{"start":{"line":45,"column":2},"end":{"line":45,"column":85}},"20":{"start":{"line":45,"column":16},"end":{"line":45,"column":85}},"21":{"start":{"line":46,"column":20},"end":{"line":46,"column":81}},"22":{"start":{"line":47,"column":14},"end":{"line":47,"column":15}},"23":{"start":{"line":48,"column":2},"end":{"line":51,"column":3}},"24":{"start":{"line":49,"column":18},"end":{"line":49,"column":31}},"25":{"start":{"line":50,"column":4},"end":{"line":50,"column":52}},"26":{"start":{"line":50,"column":45},"end":{"line":50,"column":52}},"27":{"start":{"line":52,"column":18},"end":{"line":52,"column":125}},"28":{"start":{"line":53,"column":2},"end":{"line":56,"column":3}},"29":{"start":{"line":54,"column":20},"end":{"line":54,"column":116}},"30":{"start":{"line":54,"column":40},"end":{"line":54,"column":114}},"31":{"start":{"line":55,"column":4},"end":{"line":55,"column":53}},"32":{"start":{"line":57,"column":2},"end":{"line":57,"column":34}},"33":{"start":{"line":61,"column":19},"end":{"line":61,"column":127}},"34":{"start":{"line":62,"column":2},"end":{"line":62,"column":74}},"35":{"start":{"line":62,"column":16},"end":{"line":62,"column":74}},"36":{"start":{"line":63,"column":14},"end":{"line":63,"column":153}},"37":{"start":{"line":64,"column":2},"end":{"line":64,"column":23}},"38":{"start":{"line":68,"column":19},"end":{"line":68,"column":164}},"39":{"start":{"line":69,"column":2},"end":{"line":77,"column":5}},"40":{"start":{"line":69,"column":28},"end":{"line":77,"column":3}},"41":{"start":{"line":76,"column":35},"end":{"line":76,"column":451}},"42":{"start":{"line":81,"column":15},"end":{"line":81,"column":143}},"43":{"start":{"line":82,"column":2},"end":{"line":82,"column":197}},"44":{"start":{"line":82,"column":24},"end":{"line":82,"column":195}},"45":{"start":{"line":86,"column":14},"end":{"line":86,"column":109}},"46":{"start":{"line":87,"column":2},"end":{"line":87,"column":20}},"47":{"start":{"line":91,"column":14},"end":{"line":91,"column":105}},"48":{"start":{"line":92,"column":2},"end":{"line":92,"column":20}},"49":{"start":{"line":95,"column":0},"end":{"line":97,"column":1}}},"fnMap":{"0":{"name":"getAllLessons","decl":{"start":{"line":3,"column":15},"end":{"line":3,"column":28}},"loc":{"start":{"line":3,"column":30},"end":{"line":18,"column":1}},"line":3},"1":{"name":"(anonymous_1)","decl":{"start":{"line":7,"column":21},"end":{"line":7,"column":22}},"loc":{"start":{"line":7,"column":27},"end":{"line":17,"column":3}},"line":7},"2":{"name":"getLesson","decl":{"start":{"line":20,"column":15},"end":{"line":20,"column":24}},"loc":{"start":{"line":20,"column":28},"end":{"line":26,"column":1}},"line":20},"3":{"name":"getStatus","decl":{"start":{"line":28,"column":15},"end":{"line":28,"column":24}},"loc":{"start":{"line":28,"column":45},"end":{"line":34,"column":1}},"line":28},"4":{"name":"recordView","decl":{"start":{"line":36,"column":15},"end":{"line":36,"column":25}},"loc":{"start":{"line":36,"column":46},"end":{"line":39,"column":1}},"line":36},"5":{"name":"submitQuiz","decl":{"start":{"line":41,"column":15},"end":{"line":41,"column":25}},"loc":{"start":{"line":41,"column":55},"end":{"line":58,"column":1}},"line":41},"6":{"name":"(anonymous_6)","decl":{"start":{"line":54,"column":34},"end":{"line":54,"column":35}},"loc":{"start":{"line":54,"column":40},"end":{"line":54,"column":114}},"line":54},"7":{"name":"submitTask","decl":{"start":{"line":60,"column":15},"end":{"line":60,"column":25}},"loc":{"start":{"line":60,"column":53},"end":{"line":65,"column":1}},"line":60},"8":{"name":"getAttempts","decl":{"start":{"line":67,"column":15},"end":{"line":67,"column":26}},"loc":{"start":{"line":67,"column":36},"end":{"line":78,"column":1}},"line":67},"9":{"name":"(anonymous_9)","decl":{"start":{"line":69,"column":22},"end":{"line":69,"column":23}},"loc":{"start":{"line":69,"column":28},"end":{"line":77,"column":3}},"line":69},"10":{"name":"(anonymous_10)","decl":{"start":{"line":76,"column":27},"end":{"line":76,"column":28}},"loc":{"start":{"line":76,"column":35},"end":{"line":76,"column":451}},"line":76},"11":{"name":"getSubmissions","decl":{"start":{"line":80,"column":15},"end":{"line":80,"column":29}},"loc":{"start":{"line":80,"column":39},"end":{"line":83,"column":1}},"line":80},"12":{"name":"(anonymous_12)","decl":{"start":{"line":82,"column":18},"end":{"line":82,"column":19}},"loc":{"start":{"line":82,"column":24},"end":{"line":82,"column":195}},"line":82},"13":{"name":"markTask","decl":{"start":{"line":85,"column":15},"end":{"line":85,"column":23}},"loc":{"start":{"line":85,"column":43},"end":{"line":88,"column":1}},"line":85},"14":{"name":"markQuiz","decl":{"start":{"line":90,"column":15},"end":{"line":90,"column":23}},"loc":{"start":{"line":90,"column":41},"end":{"line":93,"column":1}},"line":90}},"branchMap":{"0":{"loc":{"start":{"line":14,"column":18},"end":{"line":14,"column":51}},"type":"cond-expr","locations":[{"start":{"line":14,"column":30},"end":{"line":14,"column":44}},{"start":{"line":14,"column":47},"end":{"line":14,"column":51}}],"line":14},"1":{"loc":{"start":{"line":15,"column":18},"end":{"line":15,"column":54}},"type":"cond-expr","locations":[{"start":{"line":15,"column":29},"end":{"line":15,"column":50}},{"start":{"line":15,"column":53},"end":{"line":15,"column":54}}],"line":15},"2":{"loc":{"start":{"line":16,"column":16},"end":{"line":16,"column":53}},"type":"cond-expr","locations":[{"start":{"line":16,"column":27},"end":{"line":16,"column":49}},{"start":{"line":16,"column":52},"end":{"line":16,"column":53}}],"line":16},"3":{"loc":{"start":{"line":33,"column":17},"end":{"line":33,"column":29}},"type":"binary-expr","locations":[{"start":{"line":33,"column":17},"end":{"line":33,"column":21}},{"start":{"line":33,"column":25},"end":{"line":33,"column":29}}],"line":33},"4":{"loc":{"start":{"line":33,"column":37},"end":{"line":33,"column":49}},"type":"binary-expr","locations":[{"start":{"line":33,"column":37},"end":{"line":33,"column":41}},{"start":{"line":33,"column":45},"end":{"line":33,"column":49}}],"line":33},"5":{"loc":{"start":{"line":45,"column":2},"end":{"line":45,"column":85}},"type":"if","locations":[{"start":{"line":45,"column":2},"end":{"line":45,"column":85}},{"start":{},"end":{}}],"line":45},"6":{"loc":{"start":{"line":50,"column":4},"end":{"line":50,"column":52}},"type":"if","locations":[{"start":{"line":50,"column":4},"end":{"line":50,"column":52}},{"start":{},"end":{}}],"line":50},"7":{"loc":{"start":{"line":50,"column":8},"end":{"line":50,"column":43}},"type":"binary-expr","locations":[{"start":{"line":50,"column":8},"end":{"line":50,"column":13}},{"start":{"line":50,"column":17},"end":{"line":50,"column":43}}],"line":50},"8":{"loc":{"start":{"line":53,"column":2},"end":{"line":56,"column":3}},"type":"if","locations":[{"start":{"line":53,"column":2},"end":{"line":56,"column":3}},{"start":{},"end":{}}],"line":53},"9":{"loc":{"start":{"line":54,"column":93},"end":{"line":54,"column":112}},"type":"binary-expr","locations":[{"start":{"line":54,"column":93},"end":{"line":54,"column":106}},{"start":{"line":54,"column":110},"end":{"line":54,"column":112}}],"line":54},"10":{"loc":{"start":{"line":62,"column":2},"end":{"line":62,"column":74}},"type":"if","locations":[{"start":{"line":62,"column":2},"end":{"line":62,"column":74}},{"start":{},"end":{}}],"line":62},"11":{"loc":{"start":{"line":73,"column":18},"end":{"line":73,"column":51}},"type":"cond-expr","locations":[{"start":{"line":73,"column":30},"end":{"line":73,"column":44}},{"start":{"line":73,"column":47},"end":{"line":73,"column":51}}],"line":73},"12":{"loc":{"start":{"line":76,"column":114},"end":{"line":76,"column":162}},"type":"cond-expr","locations":[{"start":{"line":76,"column":129},"end":{"line":76,"column":155}},{"start":{"line":76,"column":158},"end":{"line":76,"column":162}}],"line":76},"13":{"loc":{"start":{"line":76,"column":174},"end":{"line":76,"column":217}},"type":"cond-expr","locations":[{"start":{"line":76,"column":189},"end":{"line":76,"column":210}},{"start":{"line":76,"column":213},"end":{"line":76,"column":217}}],"line":76},"14":{"loc":{"start":{"line":76,"column":229},"end":{"line":76,"column":272}},"type":"cond-expr","locations":[{"start":{"line":76,"column":244},"end":{"line":76,"column":265}},{"start":{"line":76,"column":268},"end":{"line":76,"column":272}}],"line":76},"15":{"loc":{"start":{"line":76,"column":284},"end":{"line":76,"column":327}},"type":"cond-expr","locations":[{"start":{"line":76,"column":299},"end":{"line":76,"column":320}},{"start":{"line":76,"column":323},"end":{"line":76,"column":327}}],"line":76},"16":{"loc":{"start":{"line":76,"column":339},"end":{"line":76,"column":382}},"type":"cond-expr","locations":[{"start":{"line":76,"column":354},"end":{"line":76,"column":375}},{"start":{"line":76,"column":378},"end":{"line":76,"column":382}}],"line":76},"17":{"loc":{"start":{"line":76,"column":400},"end":{"line":76,"column":449}},"type":"cond-expr","locations":[{"start":{"line":76,"column":415},"end":{"line":76,"column":442}},{"start":{"line":76,"column":445},"end":{"line":76,"column":449}}],"line":76},"18":{"loc":{"start":{"line":82,"column":96},"end":{"line":82,"column":129}},"type":"cond-expr","locations":[{"start":{"line":82,"column":108},"end":{"line":82,"column":122}},{"start":{"line":82,"column":125},"end":{"line":82,"column":129}}],"line":82},"19":{"loc":{"start":{"line":87,"column":9},"end":{"line":87,"column":20}},"type":"cond-expr","locations":[{"start":{"line":87,"column":15},"end":{"line":87,"column":16}},{"start":{"line":87,"column":19},"end":{"line":87,"column":20}}],"line":87},"20":{"loc":{"start":{"line":92,"column":9},"end":{"line":92,"column":20}},"type":"cond-expr","locations":[{"start":{"line":92,"column":15},"end":{"line":92,"column":16}},{"start":{"line":92,"column":19},"end":{"line":92,"column":20}}],"line":92}},"s":{"0":3,"1":2,"2":2,"3":2,"4":2,"5":2,"6":2,"7":2,"8":2,"9":2,"10":2,"11":2,"12":2,"13":2,"14":1,"15":1,"16":3,"17":3,"18":3,"19":3,"20":1,"21":2,"22":2,"23":2,"24":4,"25":4,"26":2,"27":2,"28":2,"29":2,"30":4,"31":2,"32":2,"33":2,"34":2,"35":1,"36":1,"37":1,"38":0,"39":0,"40":0,"41":0,"42":0,"43":0,"44":0,"45":1,"46":1,"47":1,"48":1,"49":3},"f":{"0":2,"1":2,"2":2,"3":2,"4":1,"5":3,"6":4,"7":2,"8":0,"9":0,"10":0,"11":0,"12":0,"13":1,"14":1},"b":{"0":[1,1],"1":[2,0],"2":[2,0],"3":[2,1],"4":[2,1],"5":[1,2],"6":[2,2],"7":[4,3],"8":[2,0],"9":[4,1],"10":[1,1],"11":[0,0],"12":[0,0],"13":[0,0],"14":[0,0],"15":[0,0],"16":[0,0],"17":[0,0],"18":[0,0],"19":[1,0],"20":[1,0]},"_coverageSchema":"1a1c01bbd47fc00a2c39e90264f33305004495a9","hash":"7b48e05ea4c3572149414481aa455ad1ec9492ab"}
,"/Users/maksudulhasantushar/work/personal/LMSC/backend/src/services/teacherService.js": {"path":"/Users/maksudulhasantushar/work/personal/LMSC/backend/src/services/teacherService.js","statementMap":{"0":{"start":{"line":1,"column":11},"end":{"line":1,"column":30}},"1":{"start":{"line":3,"column":14},"end":{"line":3,"column":32}},"2":{"start":{"line":4,"column":19},"end":{"line":4,"column":46}},"3":{"start":{"line":5,"column":18},"end":{"line":5,"column":20}},"4":{"start":{"line":6,"column":2},"end":{"line":11,"column":3}},"5":{"start":{"line":7,"column":19},"end":{"line":7,"column":112}},"6":{"start":{"line":8,"column":17},"end":{"line":8,"column":96}},"7":{"start":{"line":9,"column":17},"end":{"line":9,"column":109}},"8":{"start":{"line":10,"column":4},"end":{"line":10,"column":80}},"9":{"start":{"line":12,"column":2},"end":{"line":12,"column":16}},"10":{"start":{"line":14,"column":0},"end":{"line":14,"column":32}}},"fnMap":{"0":{"name":"getEngagement","decl":{"start":{"line":2,"column":15},"end":{"line":2,"column":28}},"loc":{"start":{"line":2,"column":38},"end":{"line":13,"column":1}},"line":2}},"branchMap":{"0":{"loc":{"start":{"line":7,"column":19},"end":{"line":7,"column":112}},"type":"cond-expr","locations":[{"start":{"line":7,"column":100},"end":{"line":7,"column":104}},{"start":{"line":7,"column":107},"end":{"line":7,"column":112}}],"line":7},"1":{"loc":{"start":{"line":10,"column":45},"end":{"line":10,"column":57}},"type":"binary-expr","locations":[{"start":{"line":10,"column":45},"end":{"line":10,"column":49}},{"start":{"line":10,"column":53},"end":{"line":10,"column":57}}],"line":10},"2":{"loc":{"start":{"line":10,"column":65},"end":{"line":10,"column":77}},"type":"binary-expr","locations":[{"start":{"line":10,"column":65},"end":{"line":10,"column":69}},{"start":{"line":10,"column":73},"end":{"line":10,"column":77}}],"line":10}},"s":{"0":1,"1":0,"2":0,"3":0,"4":0,"5":0,"6":0,"7":0,"8":0,"9":0,"10":1},"f":{"0":0},"b":{"0":[0,0],"1":[0,0],"2":[0,0]},"_coverageSchema":"1a1c01bbd47fc00a2c39e90264f33305004495a9","hash":"8d4f2c4dd371c49f991e565b13603d301593c2df"}
,"/Users/maksudulhasantushar/work/personal/LMSC/backend/src/services/usersService.js": {"path":"/Users/maksudulhasantushar/work/personal/LMSC/backend/src/services/usersService.js","statementMap":{"0":{"start":{"line":1,"column":11},"end":{"line":1,"column":30}},"1":{"start":{"line":3,"column":19},"end":{"line":3,"column":46}},"2":{"start":{"line":4,"column":19},"end":{"line":4,"column":46}},"3":{"start":{"line":5,"column":2},"end":{"line":5,"column":29}},"4":{"start":{"line":7,"column":0},"end":{"line":7,"column":30}}},"fnMap":{"0":{"name":"getAllUsers","decl":{"start":{"line":2,"column":15},"end":{"line":2,"column":26}},"loc":{"start":{"line":2,"column":28},"end":{"line":6,"column":1}},"line":2}},"branchMap":{},"s":{"0":1,"1":0,"2":0,"3":0,"4":1},"f":{"0":0},"b":{},"_coverageSchema":"1a1c01bbd47fc00a2c39e90264f33305004495a9","hash":"ef614206793c3cd3602652f9e55aafb29fd9397c"}
}
