TN:
SF:src/app.js
FN:15,(anonymous_0)
FNF:1
FNH:1
FNDA:1,(anonymous_0)
DA:1,1
DA:2,1
DA:3,1
DA:4,1
DA:5,1
DA:6,1
DA:7,1
DA:10,1
DA:11,1
DA:12,1
DA:15,1
DA:16,1
DA:19,1
DA:20,1
DA:21,1
DA:23,1
LF:16
LH:16
BRDA:10,0,0,1
BRDA:10,0,1,0
BRF:2
BRH:1
end_of_record
TN:
SF:src/controllers/lessonsController.js
FN:2,list
FN:10,detail
FN:19,status
FN:29,view
FN:38,submitQuiz
FN:48,submitTask
FN:58,attempts
FN:67,submissions
FN:76,markTask
FN:85,markQuiz
FNF:10
FNH:10
FNDA:4,list
FNDA:3,detail
FNDA:2,status
FNDA:2,view
FNDA:5,submitQuiz
FNDA:4,submitTask
FNDA:2,attempts
FNDA:2,submissions
FNDA:2,markTask
FNDA:2,markQuiz
DA:1,2
DA:3,4
DA:4,4
DA:5,2
DA:7,2
DA:11,3
DA:12,3
DA:13,3
DA:14,2
DA:16,1
DA:20,2
DA:21,2
DA:22,2
DA:23,2
DA:24,2
DA:26,0
DA:30,2
DA:31,2
DA:32,2
DA:33,2
DA:35,0
DA:39,5
DA:40,5
DA:41,5
DA:42,2
DA:44,3
DA:45,1
DA:49,4
DA:50,4
DA:51,4
DA:52,2
DA:54,2
DA:55,0
DA:59,2
DA:60,2
DA:61,2
DA:62,2
DA:64,0
DA:68,2
DA:69,2
DA:70,2
DA:71,2
DA:73,0
DA:77,2
DA:78,2
DA:79,2
DA:80,2
DA:82,0
DA:86,2
DA:87,2
DA:88,2
DA:89,2
DA:91,0
DA:94,2
LF:54
LH:47
BRDA:44,0,0,2
BRDA:44,0,1,1
BRDA:44,1,0,3
BRDA:44,1,1,3
BRDA:54,2,0,2
BRDA:54,2,1,0
BRDA:54,3,0,2
BRDA:54,3,1,2
BRF:8
BRH:7
end_of_record
TN:
SF:src/controllers/teacherController.js
FN:2,engagement
FNF:1
FNH:0
FNDA:0,engagement
DA:1,1
DA:3,0
DA:4,0
DA:5,0
DA:6,0
DA:8,0
DA:11,1
LF:7
LH:2
BRF:0
BRH:0
end_of_record
TN:
SF:src/controllers/usersController.js
FN:2,list
FNF:1
FNH:0
FNDA:0,list
DA:1,1
DA:3,0
DA:4,0
DA:5,0
DA:7,0
DA:10,1
LF:6
LH:2
BRF:0
BRH:0
end_of_record
TN:
SF:src/domain/mappers.js
FN:6,mapLesson
FN:20,mapLessonDetail
FN:23,(anonymous_2)
FN:31,(anonymous_3)
FN:38,mapQuizAttempt
FN:46,(anonymous_5)
FN:60,mapTaskSubmission
FN:72,mapStudent
FN:80,mapTeacher
FNF:9
FNH:0
FNDA:0,mapLesson
FNDA:0,mapLessonDetail
FNDA:0,(anonymous_2)
FNDA:0,(anonymous_3)
FNDA:0,mapQuizAttempt
FNDA:0,(anonymous_5)
FNDA:0,mapTaskSubmission
FNDA:0,mapStudent
FNDA:0,mapTeacher
DA:7,0
DA:21,0
DA:23,0
DA:31,0
DA:39,0
DA:46,0
DA:61,0
DA:73,0
DA:81,0
DA:88,0
LF:10
LH:0
BRDA:13,0,0,0
BRDA:13,0,1,0
BRDA:15,1,0,0
BRDA:15,1,1,0
BRDA:16,2,0,0
BRDA:16,2,1,0
BRDA:43,3,0,0
BRDA:43,3,1,0
BRDA:46,4,0,0
BRDA:46,4,1,0
BRDA:65,5,0,0
BRDA:65,5,1,0
BRF:12
BRH:0
end_of_record
TN:
SF:src/domain/validators.js
FN:7,(anonymous_0)
FN:14,validateLessonInput
FN:42,validateQuizAnswer
FN:49,(anonymous_3)
FN:56,validateTaskSubmission
FN:66,validateStudentId
FN:72,validateLessonId
FN:78,validateQuizMark
FN:84,isValidUrl
FNF:9
FNH:9
FNDA:17,(anonymous_0)
FNDA:6,validateLessonInput
FNDA:3,validateQuizAnswer
FNDA:4,(anonymous_3)
FNDA:4,validateTaskSubmission
FNDA:4,validateStudentId
FNDA:2,validateLessonId
FNDA:4,validateQuizMark
FNDA:2,isValidUrl
DA:8,17
DA:9,17
DA:10,17
DA:15,6
DA:17,6
DA:18,2
DA:21,6
DA:22,1
DA:25,6
DA:26,0
DA:29,6
DA:30,1
DA:33,6
DA:34,1
DA:37,6
DA:38,5
DA:43,3
DA:44,1
DA:48,2
DA:49,4
DA:51,2
DA:52,1
DA:57,4
DA:58,2
DA:61,2
DA:62,1
DA:67,4
DA:68,3
DA:73,2
DA:74,1
DA:79,4
DA:80,3
DA:85,2
DA:86,2
DA:87,1
DA:89,1
DA:93,2
LF:37
LH:36
BRDA:7,0,0,8
BRDA:17,1,0,2
BRDA:17,1,1,4
BRDA:17,2,0,6
BRDA:17,2,1,5
BRDA:17,2,2,5
BRDA:21,3,0,1
BRDA:21,3,1,5
BRDA:21,4,0,6
BRDA:21,4,1,5
BRDA:25,5,0,0
BRDA:25,5,1,6
BRDA:25,6,0,6
BRDA:25,6,1,3
BRDA:29,7,0,1
BRDA:29,7,1,5
BRDA:29,8,0,6
BRDA:29,8,1,2
BRDA:33,9,0,1
BRDA:33,9,1,5
BRDA:33,10,0,6
BRDA:33,10,1,2
BRDA:33,10,2,2
BRDA:37,11,0,5
BRDA:37,11,1,1
BRDA:43,12,0,1
BRDA:43,12,1,2
BRDA:43,13,0,3
BRDA:43,13,1,3
BRDA:51,14,0,1
BRDA:51,14,1,1
BRDA:57,15,0,2
BRDA:57,15,1,2
BRDA:57,16,0,4
BRDA:57,16,1,3
BRDA:57,16,2,2
BRDA:61,17,0,1
BRDA:61,17,1,1
BRDA:67,18,0,3
BRDA:67,18,1,1
BRDA:67,19,0,4
BRDA:67,19,1,3
BRDA:73,20,0,1
BRDA:73,20,1,1
BRDA:73,21,0,2
BRDA:73,21,1,2
BRDA:79,22,0,3
BRDA:79,22,1,1
BRDA:79,23,0,4
BRDA:79,23,1,3
BRDA:79,23,2,2
BRF:51
BRH:50
end_of_record
TN:
SF:src/middleware/auth.js
FN:16,generateToken
FN:37,verifyToken
FN:49,authMiddleware
FN:72,roleMiddleware
FN:73,(anonymous_4)
FN:93,ownershipMiddleware
FNF:6
FNH:0
FNDA:0,generateToken
FNDA:0,verifyToken
FNDA:0,authMiddleware
FNDA:0,roleMiddleware
FNDA:0,(anonymous_4)
FNDA:0,ownershipMiddleware
DA:5,0
DA:7,0
DA:8,0
DA:17,0
DA:18,0
DA:21,0
DA:22,0
DA:25,0
DA:38,0
DA:39,0
DA:41,0
DA:50,0
DA:51,0
DA:52,0
DA:53,0
DA:56,0
DA:57,0
DA:60,0
DA:61,0
DA:63,0
DA:73,0
DA:74,0
DA:75,0
DA:78,0
DA:79,0
DA:84,0
DA:94,0
DA:95,0
DA:97,0
DA:98,0
DA:101,0
DA:102,0
DA:105,0
DA:108,0
LF:34
LH:0
BRDA:7,0,0,0
BRDA:7,0,1,0
BRDA:17,1,0,0
BRDA:17,1,1,0
BRDA:17,2,0,0
BRDA:17,2,1,0
BRDA:21,3,0,0
BRDA:21,3,1,0
BRDA:52,4,0,0
BRDA:52,4,1,0
BRDA:52,5,0,0
BRDA:52,5,1,0
BRDA:74,6,0,0
BRDA:74,6,1,0
BRDA:78,7,0,0
BRDA:78,7,1,0
BRDA:95,8,0,0
BRDA:95,8,1,0
BRDA:95,8,2,0
BRDA:97,9,0,0
BRDA:97,9,1,0
BRDA:97,10,0,0
BRDA:97,10,1,0
BRDA:97,10,2,0
BRDA:101,11,0,0
BRDA:101,11,1,0
BRDA:101,12,0,0
BRDA:101,12,1,0
BRDA:101,12,2,0
BRF:29
BRH:0
end_of_record
TN:
SF:src/routes/lessons.js
FNF:0
FNH:0
DA:1,1
DA:2,1
DA:3,1
DA:4,1
DA:5,1
DA:6,1
DA:7,1
DA:8,1
DA:9,1
DA:10,1
DA:11,1
DA:12,1
DA:13,1
DA:14,1
LF:14
LH:14
BRF:0
BRH:0
end_of_record
TN:
SF:src/routes/teacher.js
FNF:0
FNH:0
DA:1,1
DA:2,1
DA:3,1
DA:4,1
DA:5,1
LF:5
LH:5
BRF:0
BRH:0
end_of_record
TN:
SF:src/routes/users.js
FNF:0
FNH:0
DA:1,1
DA:2,1
DA:3,1
DA:4,1
DA:5,1
LF:5
LH:5
BRF:0
BRH:0
end_of_record
TN:
SF:src/services/lessonsService.js
FN:3,getAllLessons
FN:7,(anonymous_1)
FN:20,getLesson
FN:28,getStatus
FN:36,recordView
FN:41,submitQuiz
FN:54,(anonymous_6)
FN:60,submitTask
FN:67,getAttempts
FN:69,(anonymous_9)
FN:76,(anonymous_10)
FN:80,getSubmissions
FN:82,(anonymous_12)
FN:85,markTask
FN:90,markQuiz
FNF:15
FNH:10
FNDA:2,getAllLessons
FNDA:2,(anonymous_1)
FNDA:2,getLesson
FNDA:2,getStatus
FNDA:1,recordView
FNDA:3,submitQuiz
FNDA:4,(anonymous_6)
FNDA:2,submitTask
FNDA:0,getAttempts
FNDA:0,(anonymous_9)
FNDA:0,(anonymous_10)
FNDA:0,getSubmissions
FNDA:0,(anonymous_12)
FNDA:1,markTask
FNDA:1,markQuiz
DA:1,3
DA:4,2
DA:7,2
DA:21,2
DA:22,2
DA:23,2
DA:24,2
DA:25,2
DA:29,2
DA:30,2
DA:31,2
DA:32,2
DA:33,2
DA:37,1
DA:38,1
DA:42,3
DA:43,3
DA:44,3
DA:45,3
DA:46,2
DA:47,2
DA:48,2
DA:49,4
DA:50,4
DA:52,2
DA:53,2
DA:54,4
DA:55,2
DA:57,2
DA:61,2
DA:62,2
DA:63,1
DA:64,1
DA:68,0
DA:69,0
DA:76,0
DA:81,0
DA:82,0
DA:86,1
DA:87,1
DA:91,1
DA:92,1
DA:95,3
LF:43
LH:38
BRDA:14,0,0,1
BRDA:14,0,1,1
BRDA:15,1,0,2
BRDA:15,1,1,0
BRDA:16,2,0,2
BRDA:16,2,1,0
BRDA:33,3,0,2
BRDA:33,3,1,1
BRDA:33,4,0,2
BRDA:33,4,1,1
BRDA:45,5,0,1
BRDA:45,5,1,2
BRDA:50,6,0,2
BRDA:50,6,1,2
BRDA:50,7,0,4
BRDA:50,7,1,3
BRDA:53,8,0,2
BRDA:53,8,1,0
BRDA:54,9,0,4
BRDA:54,9,1,1
BRDA:62,10,0,1
BRDA:62,10,1,1
BRDA:73,11,0,0
BRDA:73,11,1,0
BRDA:76,12,0,0
BRDA:76,12,1,0
BRDA:76,13,0,0
BRDA:76,13,1,0
BRDA:76,14,0,0
BRDA:76,14,1,0
BRDA:76,15,0,0
BRDA:76,15,1,0
BRDA:76,16,0,0
BRDA:76,16,1,0
BRDA:76,17,0,0
BRDA:76,17,1,0
BRDA:82,18,0,0
BRDA:82,18,1,0
BRDA:87,19,0,1
BRDA:87,19,1,0
BRDA:92,20,0,1
BRDA:92,20,1,0
BRF:42
BRH:21
end_of_record
TN:
SF:src/services/teacherService.js
FN:2,getEngagement
FNF:1
FNH:0
FNDA:0,getEngagement
DA:1,1
DA:3,0
DA:4,0
DA:5,0
DA:6,0
DA:7,0
DA:8,0
DA:9,0
DA:10,0
DA:12,0
DA:14,1
LF:11
LH:2
BRDA:7,0,0,0
BRDA:7,0,1,0
BRDA:10,1,0,0
BRDA:10,1,1,0
BRDA:10,2,0,0
BRDA:10,2,1,0
BRF:6
BRH:0
end_of_record
TN:
SF:src/services/usersService.js
FN:2,getAllUsers
FNF:1
FNH:0
FNDA:0,getAllUsers
DA:1,1
DA:3,0
DA:4,0
DA:5,0
DA:7,1
LF:5
LH:2
BRF:0
BRH:0
end_of_record
